time="2019-11-28T17:23:31+05:30" level=info msg="Starting Up..."
time="2019-11-28T17:23:31+05:30" level=info msg="command args: -user ramitd@lambdatest.com -key Ar7sr82ACbQXRi23ujktWaSuBRq9jOjInvBaelieyC00XavZUP -port 61364 -infoAPIPort 61365"
time="2019-11-28T17:23:31+05:30" level=info msg="LambdaTunnel version : 2.0.15"
time="2019-11-28T17:23:31+05:30" level=info msg="Log file: C:\\Users\\Lenovo-I7\\eclipse-workspace\\Java-Lambda-Tunnel-Setup/tunnel.log"
time="2019-11-28T17:23:31+05:30" level=debug msg="launch-tunnel-initiated "
time="2019-11-28T17:23:31+05:30" level=debug msg="Starting API server for tunnel info on port: 61365"
time="2019-11-28T17:23:31+05:30" level=info msg="connecting to ws://ltuns.lambdatest.com:8888"
time="2019-11-28T17:23:31+05:30" level=debug msg="Starting local proxy service on  61364"
time="2019-11-28T17:23:31+05:30" level=info msg="starting http server"
time="2019-11-28T17:23:31+05:30" level=debug msg="local proxy started on  port 61364"
time="2019-11-28T17:23:33+05:30" level=debug msg="beginning remote forward of local port 61364 to remote port 40758"
time="2019-11-28T17:23:34+05:30" level=info msg="Tunnel ID :86098"
time="2019-11-28T17:23:34+05:30" level=debug msg="local port 61364 <-> remote port 40758 successful"
time="2019-11-28T17:23:35+05:30" level=info msg="Tunnel claim successful"
time="2019-11-28T17:23:35+05:30" level=debug msg="Upload hosts file to s3, response:map[message:upload hosts file to s3 success]"
time="2019-11-28T17:23:35+05:30" level=debug msg=add-hosts-file-to-S3-success
time="2019-11-28T17:23:35+05:30" level=info msg="Secure connection established, you may start your tests now"
time="2019-11-28T17:23:35+05:30" level=debug msg="Using websocket for connection monitoring"
time="2019-11-28T17:23:40+05:30" level=debug msg="handling connect request for URL //www.gstatic.com:443"
time="2019-11-28T17:23:40+05:30" level=debug msg="handling connect request for URL //accounts.google.com:443"
time="2019-11-28T17:23:43+05:30" level=debug msg="handle http request for http://localhost/attendance/attendance_view.php"
time="2019-11-28T17:23:43+05:30" level=debug msg="response &{200 OK 200 HTTP/1.1 1 1 map[Cache-Control:[no-store, no-cache, must-revalidate] Content-Length:[6716] Content-Type:[text/html; charset=UTF-8] Date:[Thu, 28 Nov 2019 11:53:43 GMT] Expires:[Thu, 19 Nov 1981 08:52:00 GMT] Pragma:[no-cache] Server:[Apache/2.4.37 (Win32) OpenSSL/1.1.1a PHP/7.3.1] Set-Cookie:[Attendance_Management_System=cr5l2un9nrk030lcff0v3hqd2j; path=/; HttpOnly] X-Powered-By:[PHP/7.3.1]] 0xc00003de80 6716 [] false false map[] 0xc000330800 <nil>}"
time="2019-11-28T17:23:43+05:30" level=debug msg="handle http request for http://localhost/attendance/resources/initializr/css/spacelab.css"
time="2019-11-28T17:23:43+05:30" level=debug msg="response &{200 OK 200 HTTP/1.1 1 1 map[Accept-Ranges:[bytes] Content-Length:[151241] Content-Type:[text/css] Date:[Thu, 28 Nov 2019 11:53:43 GMT] Etag:[\"24ec9-5331b5e03e380\"] Last-Modified:[Wed, 18 May 2016 10:31:58 GMT] Server:[Apache/2.4.37 (Win32) OpenSSL/1.1.1a PHP/7.3.1]] 0xc00003df80 151241 [] false false map[] 0xc00007e600 <nil>}"
time="2019-11-28T17:23:43+05:30" level=debug msg="handle http request for http://localhost/attendance/resources/lightbox/css/lightbox.css"
time="2019-11-28T17:23:43+05:30" level=debug msg="response &{200 OK 200 HTTP/1.1 1 1 map[Accept-Ranges:[bytes] Content-Length:[3898] Content-Type:[text/css] Date:[Thu, 28 Nov 2019 11:53:43 GMT] Etag:[\"f3a-5331bdb6c6180\"] Last-Modified:[Wed, 18 May 2016 11:07:02 GMT] Server:[Apache/2.4.37 (Win32) OpenSSL/1.1.1a PHP/7.3.1]] 0xc000290040 3898 [] false false map[] 0xc000378200 <nil>}"
time="2019-11-28T17:23:43+05:30" level=debug msg="handle http request for http://localhost/attendance/resources/datepicker/css/datepicker.css"
time="2019-11-28T17:23:43+05:30" level=debug msg="handle http request for http://localhost/attendance/resources/timepicker/bootstrap-timepicker.min.css"
time="2019-11-28T17:23:43+05:30" level=debug msg="handle http request for http://localhost/attendance/resources/select2/select2.css"
time="2019-11-28T17:23:43+05:30" level=debug msg="handle http request for http://localhost/attendance/dynamic.css.php"
time="2019-11-28T17:23:43+05:30" level=debug msg="response &{200 OK 200 HTTP/1.1 1 1 map[Accept-Ranges:[bytes] Content-Length:[7579] Content-Type:[text/css] Date:[Thu, 28 Nov 2019 11:53:43 GMT] Etag:[\"1d9b-5331b5e226800\"] Last-Modified:[Wed, 18 May 2016 10:32:00 GMT] Server:[Apache/2.4.37 (Win32) OpenSSL/1.1.1a PHP/7.3.1]] 0xc000260840 7579 [] false false map[] 0xc000378000 <nil>}"
time="2019-11-28T17:23:43+05:30" level=debug msg="response &{200 OK 200 HTTP/1.1 1 1 map[Accept-Ranges:[bytes] Content-Length:[3050] Content-Type:[text/css] Date:[Thu, 28 Nov 2019 11:53:43 GMT] Etag:[\"bea-5331b5e226800\"] Last-Modified:[Wed, 18 May 2016 10:32:00 GMT] Server:[Apache/2.4.37 (Win32) OpenSSL/1.1.1a PHP/7.3.1]] 0xc00003d3c0 3050 [] false false map[] 0xc000330400 <nil>}"
time="2019-11-28T17:23:43+05:30" level=debug msg="response &{200 OK 200 HTTP/1.1 1 1 map[Accept-Ranges:[bytes] Content-Length:[17697] Content-Type:[text/css] Date:[Thu, 28 Nov 2019 11:53:43 GMT] Etag:[\"4521-5331b5e226800\"] Last-Modified:[Wed, 18 May 2016 10:32:00 GMT] Server:[Apache/2.4.37 (Win32) OpenSSL/1.1.1a PHP/7.3.1]] 0xc000260940 17697 [] false false map[] 0xc00007e500 <nil>}"
time="2019-11-28T17:23:43+05:30" level=debug msg="response &{200 OK 200 HTTP/1.1 1 1 map[Content-Length:[5595] Content-Type:[text/css;charset=UTF-8] Date:[Thu, 28 Nov 2019 11:53:43 GMT] Server:[Apache/2.4.37 (Win32) OpenSSL/1.1.1a PHP/7.3.1] X-Powered-By:[PHP/7.3.1]] 0xc000260a40 5595 [] false false map[] 0xc000330500 <nil>}"
time="2019-11-28T17:23:43+05:30" level=debug msg="handle http request for http://localhost/attendance/resources/jquery/js/jquery-1.12.4.min.js"
time="2019-11-28T17:23:43+05:30" level=debug msg="response &{200 OK 200 HTTP/1.1 1 1 map[Accept-Ranges:[bytes] Content-Length:[97163] Content-Type:[application/javascript] Date:[Thu, 28 Nov 2019 11:53:43 GMT] Etag:[\"17b8b-55aef821a5280\"] Last-Modified:[Sat, 07 Oct 2017 07:00:10 GMT] Server:[Apache/2.4.37 (Win32) OpenSSL/1.1.1a PHP/7.3.1]] 0xc0001bc080 97163 [] false false map[] 0xc000330300 <nil>}"
time="2019-11-28T17:23:43+05:30" level=debug msg="handle http request for http://localhost/attendance/resources/jquery/js/jquery.mark.min.js"
time="2019-11-28T17:23:43+05:30" level=debug msg="response &{200 OK 200 HTTP/1.1 1 1 map[Accept-Ranges:[bytes] Content-Length:[6632] Content-Type:[application/javascript] Date:[Thu, 28 Nov 2019 11:53:43 GMT] Etag:[\"19e8-5331bdb6c6180\"] Last-Modified:[Wed, 18 May 2016 11:07:02 GMT] Server:[Apache/2.4.37 (Win32) OpenSSL/1.1.1a PHP/7.3.1]] 0xc0001bc1c0 6632 [] false false map[] 0xc000378400 <nil>}"
time="2019-11-28T17:23:43+05:30" level=debug msg="handle http request for http://localhost/attendance/resources/lightbox/js/prototype.js"
time="2019-11-28T17:23:43+05:30" level=debug msg="handle http request for http://localhost/attendance/resources/initializr/js/vendor/bootstrap.min.js"
time="2019-11-28T17:23:43+05:30" level=debug msg="response &{200 OK 200 HTTP/1.1 1 1 map[Accept-Ranges:[bytes] Content-Length:[35951] Content-Type:[application/javascript] Date:[Thu, 28 Nov 2019 11:53:43 GMT] Etag:[\"8c6f-5331b5e226800\"] Last-Modified:[Wed, 18 May 2016 10:32:00 GMT] Server:[Apache/2.4.37 (Win32) OpenSSL/1.1.1a PHP/7.3.1]] 0xc000260d00 35951 [] false false map[] 0xc00007ea00 <nil>}"
time="2019-11-28T17:23:43+05:30" level=debug msg="response &{200 OK 200 HTTP/1.1 1 1 map[Accept-Ranges:[bytes] Content-Length:[180829] Content-Type:[application/javascript] Date:[Thu, 28 Nov 2019 11:53:43 GMT] Etag:[\"2c25d-5331b5e226800\"] Last-Modified:[Wed, 18 May 2016 10:32:00 GMT] Server:[Apache/2.4.37 (Win32) OpenSSL/1.1.1a PHP/7.3.1]] 0xc0001bc380 180829 [] false false map[] 0xc0001d8000 <nil>}"
time="2019-11-28T17:23:44+05:30" level=debug msg="handle http request for http://localhost/attendance/resources/lightbox/js/scriptaculous.js?load=effects"
time="2019-11-28T17:23:44+05:30" level=debug msg="response &{200 OK 200 HTTP/1.1 1 1 map[Accept-Ranges:[bytes] Content-Length:[2931] Content-Type:[application/javascript] Date:[Thu, 28 Nov 2019 11:53:44 GMT] Etag:[\"b73-5331b5e226800\"] Last-Modified:[Wed, 18 May 2016 10:32:00 GMT] Server:[Apache/2.4.37 (Win32) OpenSSL/1.1.1a PHP/7.3.1]] 0xc000260ec0 2931 [] false false map[] 0xc00007eb00 <nil>}"
time="2019-11-28T17:23:44+05:30" level=debug msg="handle http request for http://localhost/attendance/resources/select2/select2.min.js"
time="2019-11-28T17:23:44+05:30" level=debug msg="response &{200 OK 200 HTTP/1.1 1 1 map[Accept-Ranges:[bytes] Content-Length:[60215] Content-Type:[application/javascript] Date:[Thu, 28 Nov 2019 11:53:44 GMT] Etag:[\"eb37-5331b5e226800\"] Last-Modified:[Wed, 18 May 2016 10:32:00 GMT] Server:[Apache/2.4.37 (Win32) OpenSSL/1.1.1a PHP/7.3.1]] 0xc000290400 60215 [] false false map[] 0xc0001d8200 <nil>}"
time="2019-11-28T17:23:44+05:30" level=debug msg="handle http request for http://localhost/attendance/resources/timepicker/bootstrap-timepicker.min.js"
time="2019-11-28T17:23:44+05:30" level=debug msg="response &{200 OK 200 HTTP/1.1 1 1 map[Accept-Ranges:[bytes] Content-Length:[17256] Content-Type:[application/javascript] Date:[Thu, 28 Nov 2019 11:53:44 GMT] Etag:[\"4368-5331b5e226800\"] Last-Modified:[Wed, 18 May 2016 10:32:00 GMT] Server:[Apache/2.4.37 (Win32) OpenSSL/1.1.1a PHP/7.3.1]] 0xc00003d780 17256 [] false false map[] 0xc00007e100 <nil>}"
time="2019-11-28T17:23:44+05:30" level=debug msg="handle http request for http://localhost/attendance/resources/jscookie/js.cookie.js"
time="2019-11-28T17:23:44+05:30" level=debug msg="response &{200 OK 200 HTTP/1.1 1 1 map[Accept-Ranges:[bytes] Content-Length:[3677] Content-Type:[application/javascript] Date:[Thu, 28 Nov 2019 11:53:44 GMT] Etag:[\"e5d-5401339554880\"] Last-Modified:[Sun, 30 Oct 2016 11:16:34 GMT] Server:[Apache/2.4.37 (Win32) OpenSSL/1.1.1a PHP/7.3.1]] 0xc0002905c0 3677 [] false false map[] 0xc00007ec00 <nil>}"
time="2019-11-28T17:23:44+05:30" level=debug msg="handle http request for http://localhost/attendance/resources/datepicker/js/datepicker.packed.js"
time="2019-11-28T17:23:44+05:30" level=debug msg="response &{200 OK 200 HTTP/1.1 1 1 map[Accept-Ranges:[bytes] Content-Length:[39229] Content-Type:[application/javascript] Date:[Thu, 28 Nov 2019 11:53:44 GMT] Etag:[\"993d-55c3185d47700\"] Last-Modified:[Mon, 23 Oct 2017 07:10:52 GMT] Server:[Apache/2.4.37 (Win32) OpenSSL/1.1.1a PHP/7.3.1]] 0xc000261380 39229 [] false false map[] 0xc0001d8300 <nil>}"
time="2019-11-28T17:23:44+05:30" level=debug msg="handle http request for http://localhost/attendance/common.js.php"
time="2019-11-28T17:23:44+05:30" level=debug msg="response &{200 OK 200 HTTP/1.1 1 1 map[Cache-Control:[public, max-age=240] Content-Type:[text/javascript; charset=UTF-8] Date:[Thu, 28 Nov 2019 11:53:44 GMT] Last-Modified:[Thu, 14 Mar 2019 08:20:21 GMT] Server:[Apache/2.4.37 (Win32) OpenSSL/1.1.1a PHP/7.3.1] X-Powered-By:[PHP/7.3.1]] 0xc000261540 -1 [chunked] false false map[] 0xc000330600 <nil>}"
time="2019-11-28T17:23:44+05:30" level=debug msg="handle http request for http://localhost/attendance/resources/lightbox/js/lightbox.min.js"
time="2019-11-28T17:23:44+05:30" level=debug msg="handle http request for http://fonts.googleapis.com/css?family=Open+Sans:400italic,700italic,400,700"
time="2019-11-28T17:23:44+05:30" level=debug msg="response &{200 OK 200 HTTP/1.1 1 1 map[Accept-Ranges:[bytes] Content-Length:[8315] Content-Type:[application/javascript] Date:[Thu, 28 Nov 2019 11:53:44 GMT] Etag:[\"207b-5331bdb6c6180\"] Last-Modified:[Wed, 18 May 2016 11:07:02 GMT] Server:[Apache/2.4.37 (Win32) OpenSSL/1.1.1a PHP/7.3.1]] 0xc000261640 8315 [] false false map[] 0xc0001d8100 <nil>}"
time="2019-11-28T17:23:44+05:30" level=debug msg="response &{200 OK 200 HTTP/1.1 1 1 map[Access-Control-Allow-Origin:[*] Cache-Control:[private, max-age=86400, stale-while-revalidate=604800] Content-Encoding:[gzip] Content-Type:[text/css; charset=utf-8] Date:[Thu, 28 Nov 2019 11:53:42 GMT] Expires:[Thu, 28 Nov 2019 11:53:42 GMT] Last-Modified:[Thu, 28 Nov 2019 11:53:42 GMT] Link:[<http://fonts.gstatic.com>; rel=preconnect; crossorigin] Server:[ESF] Timing-Allow-Origin:[*] X-Frame-Options:[SAMEORIGIN] X-Xss-Protection:[0]] 0xc00003d8c0 -1 [chunked] false false map[] 0xc00007e900 <nil>}"
time="2019-11-28T17:23:44+05:30" level=debug msg="handle http request for http://localhost/attendance/resources/lightbox/js/effects.js"
time="2019-11-28T17:23:44+05:30" level=debug msg="response &{200 OK 200 HTTP/1.1 1 1 map[Accept-Ranges:[bytes] Content-Length:[38471] Content-Type:[application/javascript] Date:[Thu, 28 Nov 2019 11:53:44 GMT] Etag:[\"9647-5331b5e226800\"] Last-Modified:[Wed, 18 May 2016 10:32:00 GMT] Server:[Apache/2.4.37 (Win32) OpenSSL/1.1.1a PHP/7.3.1]] 0xc000290c40 38471 [] false false map[] 0xc000378500 <nil>}"
time="2019-11-28T17:23:44+05:30" level=debug msg="handle http request for http://localhost/attendance/resources/datepicker/js/lang/en.js"
time="2019-11-28T17:23:44+05:30" level=debug msg="response &{200 OK 200 HTTP/1.1 1 1 map[Accept-Ranges:[bytes] Content-Length:[1095] Content-Type:[application/javascript] Date:[Thu, 28 Nov 2019 11:53:44 GMT] Etag:[\"447-5331b5e226800\"] Last-Modified:[Wed, 18 May 2016 10:32:00 GMT] Server:[Apache/2.4.37 (Win32) OpenSSL/1.1.1a PHP/7.3.1]] 0xc000290d40 1095 [] false false map[] 0xc0001d8400 <nil>}"
time="2019-11-28T17:23:44+05:30" level=debug msg="handle http request for http://localhost/attendance/resources/lightbox/images/next.png"
time="2019-11-28T17:23:44+05:30" level=debug msg="handle http request for http://localhost/attendance/resources/lightbox/images/loading.gif"
time="2019-11-28T17:23:44+05:30" level=debug msg="handle http request for http://localhost/attendance/resources/lightbox/images/prev.png"
time="2019-11-28T17:23:44+05:30" level=debug msg="handle http request for http://localhost/attendance/resources/lightbox/images/close.png"
time="2019-11-28T17:23:44+05:30" level=debug msg="response &{200 OK 200 HTTP/1.1 1 1 map[Accept-Ranges:[bytes] Content-Length:[8476] Content-Type:[image/gif] Date:[Thu, 28 Nov 2019 11:53:44 GMT] Etag:[\"211c-5331bdb6c6180\"] Last-Modified:[Wed, 18 May 2016 11:07:02 GMT] Server:[Apache/2.4.37 (Win32) OpenSSL/1.1.1a PHP/7.3.1]] 0xc0001bc800 8476 [] false false map[] 0xc00007ef00 <nil>}"
time="2019-11-28T17:23:44+05:30" level=debug msg="response &{200 OK 200 HTTP/1.1 1 1 map[Accept-Ranges:[bytes] Content-Length:[1350] Content-Type:[image/png] Date:[Thu, 28 Nov 2019 11:53:44 GMT] Etag:[\"546-5331bdb6c6180\"] Last-Modified:[Wed, 18 May 2016 11:07:02 GMT] Server:[Apache/2.4.37 (Win32) OpenSSL/1.1.1a PHP/7.3.1]] 0xc000261740 1350 [] false false map[] 0xc00007ed00 <nil>}"
time="2019-11-28T17:23:45+05:30" level=debug msg="response &{200 OK 200 HTTP/1.1 1 1 map[Accept-Ranges:[bytes] Content-Length:[280] Content-Type:[image/png] Date:[Thu, 28 Nov 2019 11:53:44 GMT] Etag:[\"118-5331bdb6c6180\"] Last-Modified:[Wed, 18 May 2016 11:07:02 GMT] Server:[Apache/2.4.37 (Win32) OpenSSL/1.1.1a PHP/7.3.1]] 0xc0001bc980 280 [] false false map[] 0xc000378600 <nil>}"
time="2019-11-28T17:23:45+05:30" level=debug msg="response &{200 OK 200 HTTP/1.1 1 1 map[Accept-Ranges:[bytes] Content-Length:[1360] Content-Type:[image/png] Date:[Thu, 28 Nov 2019 11:53:44 GMT] Etag:[\"550-5331bdb6c6180\"] Last-Modified:[Wed, 18 May 2016 11:07:02 GMT] Server:[Apache/2.4.37 (Win32) OpenSSL/1.1.1a PHP/7.3.1]] 0xc000290f80 1360 [] false false map[] 0xc00007f000 <nil>}"
time="2019-11-28T17:23:45+05:30" level=debug msg="handle http request for http://localhost/attendance/resources/initializr/fonts/glyphicons-halflings-regular.woff2"
time="2019-11-28T17:23:45+05:30" level=debug msg="response &{200 OK 200 HTTP/1.1 1 1 map[Accept-Ranges:[bytes] Content-Length:[18028] Content-Type:[font/woff2] Date:[Thu, 28 Nov 2019 11:53:45 GMT] Etag:[\"466c-5331b5e226800\"] Last-Modified:[Wed, 18 May 2016 10:32:00 GMT] Server:[Apache/2.4.37 (Win32) OpenSSL/1.1.1a PHP/7.3.1]] 0xc0002617c0 18028 [] false false map[] 0xc000330800 <nil>}"
time="2019-11-28T17:23:45+05:30" level=debug msg="handle http request for http://fonts.gstatic.com/s/opensans/v17/mem5YaGs126MiZpBA-UN7rgOUuhp.woff2"
time="2019-11-28T17:23:45+05:30" level=debug msg="handle http request for http://fonts.gstatic.com/s/opensans/v17/mem8YaGs126MiZpBA-UFVZ0b.woff2"
time="2019-11-28T17:23:45+05:30" level=debug msg="response &{200 OK 200 HTTP/1.1 1 1 map[Accept-Ranges:[bytes] Access-Control-Allow-Origin:[*] Age:[752911] Cache-Control:[public, max-age=31536000] Content-Length:[15056] Content-Type:[font/woff2] Date:[Tue, 19 Nov 2019 18:45:12 GMT] Expires:[Wed, 18 Nov 2020 18:45:12 GMT] Last-Modified:[Tue, 23 Jul 2019 19:30:57 GMT] Server:[sffe] Timing-Allow-Origin:[*] X-Content-Type-Options:[nosniff] X-Xss-Protection:[0]] 0xc00003c080 15056 [] false false map[] 0xc0001d8600 <nil>}"
time="2019-11-28T17:23:45+05:30" level=debug msg="response &{200 OK 200 HTTP/1.1 1 1 map[Accept-Ranges:[bytes] Access-Control-Allow-Origin:[*] Age:[788954] Cache-Control:[public, max-age=31536000] Content-Length:[14380] Content-Type:[font/woff2] Date:[Tue, 19 Nov 2019 08:44:29 GMT] Expires:[Wed, 18 Nov 2020 08:44:29 GMT] Last-Modified:[Tue, 23 Jul 2019 19:30:45 GMT] Server:[sffe] Timing-Allow-Origin:[*] X-Content-Type-Options:[nosniff] X-Xss-Protection:[0]] 0xc00003c6c0 14380 [] false false map[] 0xc000330300 <nil>}"
time="2019-11-28T17:23:45+05:30" level=debug msg="handle http request for http://localhost/attendance/resources/images/appgini-icon.png"
time="2019-11-28T17:23:45+05:30" level=debug msg="response &{200 OK 200 HTTP/1.1 1 1 map[Accept-Ranges:[bytes] Content-Length:[1138] Content-Type:[image/png] Date:[Thu, 28 Nov 2019 11:53:45 GMT] Etag:[\"472-5331b5e226800\"] Last-Modified:[Wed, 18 May 2016 10:32:00 GMT] Server:[Apache/2.4.37 (Win32) OpenSSL/1.1.1a PHP/7.3.1]] 0xc0002605c0 1138 [] false false map[] 0xc00007f100 <nil>}"
time="2019-11-28T17:23:47+05:30" level=debug msg="handle http request for http://localhost/attendance/index.php?signOut=1"
time="2019-11-28T17:23:47+05:30" level=debug msg="response &{302 Found 302 HTTP/1.1 1 1 map[Cache-Control:[no-store, no-cache, must-revalidate] Content-Length:[209] Content-Type:[text/html; charset=UTF-8] Date:[Thu, 28 Nov 2019 11:53:47 GMT] Expires:[Thu, 19 Nov 1981 08:52:00 GMT] Location:[http://localhost/attendance/index.php?signIn=1] Pragma:[no-cache] Server:[Apache/2.4.37 (Win32) OpenSSL/1.1.1a PHP/7.3.1] Set-Cookie:[Attendance_Management_System=deleted; expires=Thu, 01-Jan-1970 00:00:01 GMT; Max-Age=0; path=/] X-Powered-By:[PHP/7.3.1]] 0xc00003c880 209 [] false false map[] 0xc00007e100 <nil>}"
time="2019-11-28T17:23:47+05:30" level=debug msg="handle http request for http://localhost/attendance/index.php?signIn=1"
time="2019-11-28T17:23:47+05:30" level=debug msg="response &{200 OK 200 HTTP/1.1 1 1 map[Cache-Control:[no-store, no-cache, must-revalidate] Content-Length:[7586] Content-Type:[text/html; charset=UTF-8] Date:[Thu, 28 Nov 2019 11:53:47 GMT] Expires:[Thu, 19 Nov 1981 08:52:00 GMT] Pragma:[no-cache] Server:[Apache/2.4.37 (Win32) OpenSSL/1.1.1a PHP/7.3.1] Set-Cookie:[Attendance_Management_System=c1qm78kbppd51l7atjo8u9ha2j; path=/; HttpOnly] X-Powered-By:[PHP/7.3.1]] 0xc00003cac0 7586 [] false false map[] 0xc00007e500 <nil>}"
time="2019-11-28T17:23:47+05:30" level=debug msg="handle http request for http://localhost/attendance/dynamic.css.php"
time="2019-11-28T17:23:47+05:30" level=debug msg="response &{200 OK 200 HTTP/1.1 1 1 map[Content-Length:[5595] Content-Type:[text/css;charset=UTF-8] Date:[Thu, 28 Nov 2019 11:53:47 GMT] Server:[Apache/2.4.37 (Win32) OpenSSL/1.1.1a PHP/7.3.1] X-Powered-By:[PHP/7.3.1]] 0xc0002608c0 5595 [] false false map[] 0xc00007e600 <nil>}"
time="2019-11-28T17:28:10+05:30" level=info msg="Removing Tunnel :86098"
time="2019-11-28T17:28:10+05:30" level=info msg="Closing your session."
time="2019-11-28T17:28:10+05:30" level=info msg=GoodBye.
time="2019-11-28T17:28:10+05:30" level=error msg=EOF
time="2019-11-28T17:28:23+05:30" level=info msg="Starting Up..."
time="2019-11-28T17:28:23+05:30" level=info msg="command args: -user ramitd@lambdatest.com -key Ar7sr82ACbQXRi23ujktWaSuBRq9jOjInvBaelieyC00XavZUP -port 61820 -infoAPIPort 61821"
time="2019-11-28T17:28:23+05:30" level=info msg="LambdaTunnel version : 2.0.15"
time="2019-11-28T17:28:23+05:30" level=info msg="Log file: C:\\Users\\Lenovo-I7\\eclipse-workspace\\Java-Lambda-Tunnel-Setup/tunnel.log"
time="2019-11-28T17:28:23+05:30" level=debug msg="launch-tunnel-initiated "
time="2019-11-28T17:28:23+05:30" level=debug msg="Starting API server for tunnel info on port: 61821"
time="2019-11-28T17:28:23+05:30" level=info msg="connecting to ws://ltuns.lambdatest.com:8888"
time="2019-11-28T17:28:23+05:30" level=debug msg="Starting local proxy service on  61820"
time="2019-11-28T17:28:23+05:30" level=info msg="starting http server"
time="2019-11-28T17:28:23+05:30" level=debug msg="local proxy started on  port 61820"
time="2019-11-28T17:28:25+05:30" level=debug msg="beginning remote forward of local port 61820 to remote port 34189"
time="2019-11-28T17:28:26+05:30" level=info msg="Tunnel ID :86102"
time="2019-11-28T17:28:26+05:30" level=debug msg="local port 61820 <-> remote port 34189 successful"
time="2019-11-28T17:28:27+05:30" level=info msg="Tunnel claim successful"
time="2019-11-28T17:28:27+05:30" level=debug msg="Upload hosts file to s3, response:map[message:upload hosts file to s3 success]"
time="2019-11-28T17:28:27+05:30" level=debug msg=add-hosts-file-to-S3-success
time="2019-11-28T17:28:27+05:30" level=info msg="Secure connection established, you may start your tests now"
time="2019-11-28T17:28:27+05:30" level=debug msg="Using websocket for connection monitoring"
time="2019-11-28T17:28:34+05:30" level=debug msg="handling connect request for URL //www.gstatic.com:443"
time="2019-11-28T17:28:34+05:30" level=debug msg="handling connect request for URL //accounts.google.com:443"
time="2019-11-28T17:28:37+05:30" level=debug msg="handle http request for http://localhost/attendance/attendance_view.php"
time="2019-11-28T17:28:37+05:30" level=debug msg="response &{200 OK 200 HTTP/1.1 1 1 map[Cache-Control:[no-store, no-cache, must-revalidate] Content-Length:[6716] Content-Type:[text/html; charset=UTF-8] Date:[Thu, 28 Nov 2019 11:58:37 GMT] Expires:[Thu, 19 Nov 1981 08:52:00 GMT] Pragma:[no-cache] Server:[Apache/2.4.37 (Win32) OpenSSL/1.1.1a PHP/7.3.1] Set-Cookie:[Attendance_Management_System=t9h1tku7jf5hbaasm3mtqhd5oj; path=/; HttpOnly] X-Powered-By:[PHP/7.3.1]] 0xc0001eae80 6716 [] false false map[] 0xc000398300 <nil>}"
time="2019-11-28T17:28:37+05:30" level=debug msg="handle http request for http://localhost/attendance/resources/initializr/css/spacelab.css"
time="2019-11-28T17:28:37+05:30" level=debug msg="response &{200 OK 200 HTTP/1.1 1 1 map[Accept-Ranges:[bytes] Content-Length:[151241] Content-Type:[text/css] Date:[Thu, 28 Nov 2019 11:58:37 GMT] Etag:[\"24ec9-5331b5e03e380\"] Last-Modified:[Wed, 18 May 2016 10:31:58 GMT] Server:[Apache/2.4.37 (Win32) OpenSSL/1.1.1a PHP/7.3.1]] 0xc0001eaf80 151241 [] false false map[] 0xc000398400 <nil>}"
time="2019-11-28T17:28:37+05:30" level=debug msg="handle http request for http://localhost/attendance/resources/lightbox/css/lightbox.css"
time="2019-11-28T17:28:37+05:30" level=debug msg="response &{200 OK 200 HTTP/1.1 1 1 map[Accept-Ranges:[bytes] Content-Length:[3898] Content-Type:[text/css] Date:[Thu, 28 Nov 2019 11:58:37 GMT] Etag:[\"f3a-5331bdb6c6180\"] Last-Modified:[Wed, 18 May 2016 11:07:02 GMT] Server:[Apache/2.4.37 (Win32) OpenSSL/1.1.1a PHP/7.3.1]] 0xc00003c3c0 3898 [] false false map[] 0xc000200900 <nil>}"
time="2019-11-28T17:28:37+05:30" level=debug msg="handle http request for http://localhost/attendance/resources/select2/select2.css"
time="2019-11-28T17:28:37+05:30" level=debug msg="response &{200 OK 200 HTTP/1.1 1 1 map[Accept-Ranges:[bytes] Content-Length:[17697] Content-Type:[text/css] Date:[Thu, 28 Nov 2019 11:58:37 GMT] Etag:[\"4521-5331b5e226800\"] Last-Modified:[Wed, 18 May 2016 10:32:00 GMT] Server:[Apache/2.4.37 (Win32) OpenSSL/1.1.1a PHP/7.3.1]] 0xc000272700 17697 [] false false map[] 0xc000432100 <nil>}"
time="2019-11-28T17:28:37+05:30" level=debug msg="handle http request for http://localhost/attendance/dynamic.css.php"
time="2019-11-28T17:28:37+05:30" level=debug msg="handle http request for http://localhost/attendance/resources/timepicker/bootstrap-timepicker.min.css"
time="2019-11-28T17:28:37+05:30" level=debug msg="handle http request for http://localhost/attendance/resources/jquery/js/jquery-1.12.4.min.js"
time="2019-11-28T17:28:37+05:30" level=debug msg="response &{200 OK 200 HTTP/1.1 1 1 map[Accept-Ranges:[bytes] Content-Length:[3050] Content-Type:[text/css] Date:[Thu, 28 Nov 2019 11:58:37 GMT] Etag:[\"bea-5331b5e226800\"] Last-Modified:[Wed, 18 May 2016 10:32:00 GMT] Server:[Apache/2.4.37 (Win32) OpenSSL/1.1.1a PHP/7.3.1]] 0xc00003c5c0 3050 [] false false map[] 0xc000432600 <nil>}"
time="2019-11-28T17:28:37+05:30" level=debug msg="handle http request for http://localhost/attendance/resources/datepicker/css/datepicker.css"
time="2019-11-28T17:28:37+05:30" level=debug msg="response &{200 OK 200 HTTP/1.1 1 1 map[Accept-Ranges:[bytes] Content-Length:[97163] Content-Type:[application/javascript] Date:[Thu, 28 Nov 2019 11:58:37 GMT] Etag:[\"17b8b-55aef821a5280\"] Last-Modified:[Sat, 07 Oct 2017 07:00:10 GMT] Server:[Apache/2.4.37 (Win32) OpenSSL/1.1.1a PHP/7.3.1]] 0xc0001ea380 97163 [] false false map[] 0xc000098600 <nil>}"
time="2019-11-28T17:28:37+05:30" level=debug msg="response &{200 OK 200 HTTP/1.1 1 1 map[Content-Length:[5595] Content-Type:[text/css;charset=UTF-8] Date:[Thu, 28 Nov 2019 11:58:37 GMT] Server:[Apache/2.4.37 (Win32) OpenSSL/1.1.1a PHP/7.3.1] X-Powered-By:[PHP/7.3.1]] 0xc0001ea400 5595 [] false false map[] 0xc000098100 <nil>}"
time="2019-11-28T17:28:37+05:30" level=debug msg="response &{200 OK 200 HTTP/1.1 1 1 map[Accept-Ranges:[bytes] Content-Length:[7579] Content-Type:[text/css] Date:[Thu, 28 Nov 2019 11:58:37 GMT] Etag:[\"1d9b-5331b5e226800\"] Last-Modified:[Wed, 18 May 2016 10:32:00 GMT] Server:[Apache/2.4.37 (Win32) OpenSSL/1.1.1a PHP/7.3.1]] 0xc000094580 7579 [] false false map[] 0xc000200000 <nil>}"
time="2019-11-28T17:28:37+05:30" level=debug msg="handle http request for http://localhost/attendance/resources/jquery/js/jquery.mark.min.js"
time="2019-11-28T17:28:37+05:30" level=debug msg="response &{200 OK 200 HTTP/1.1 1 1 map[Accept-Ranges:[bytes] Content-Length:[6632] Content-Type:[application/javascript] Date:[Thu, 28 Nov 2019 11:58:37 GMT] Etag:[\"19e8-5331bdb6c6180\"] Last-Modified:[Wed, 18 May 2016 11:07:02 GMT] Server:[Apache/2.4.37 (Win32) OpenSSL/1.1.1a PHP/7.3.1]] 0xc000094680 6632 [] false false map[] 0xc000098500 <nil>}"
time="2019-11-28T17:28:37+05:30" level=debug msg="handle http request for http://localhost/attendance/resources/lightbox/js/prototype.js"
time="2019-11-28T17:28:37+05:30" level=debug msg="handle http request for http://localhost/attendance/resources/initializr/js/vendor/bootstrap.min.js"
time="2019-11-28T17:28:37+05:30" level=debug msg="response &{200 OK 200 HTTP/1.1 1 1 map[Accept-Ranges:[bytes] Content-Length:[180829] Content-Type:[application/javascript] Date:[Thu, 28 Nov 2019 11:58:37 GMT] Etag:[\"2c25d-5331b5e226800\"] Last-Modified:[Wed, 18 May 2016 10:32:00 GMT] Server:[Apache/2.4.37 (Win32) OpenSSL/1.1.1a PHP/7.3.1]] 0xc000094800 180829 [] false false map[] 0xc000200100 <nil>}"
time="2019-11-28T17:28:37+05:30" level=debug msg="response &{200 OK 200 HTTP/1.1 1 1 map[Accept-Ranges:[bytes] Content-Length:[35951] Content-Type:[application/javascript] Date:[Thu, 28 Nov 2019 11:58:37 GMT] Etag:[\"8c6f-5331b5e226800\"] Last-Modified:[Wed, 18 May 2016 10:32:00 GMT] Server:[Apache/2.4.37 (Win32) OpenSSL/1.1.1a PHP/7.3.1]] 0xc000094a40 35951 [] false false map[] 0xc000432800 <nil>}"
time="2019-11-28T17:28:37+05:30" level=debug msg="handle http request for http://localhost/attendance/resources/lightbox/js/scriptaculous.js?load=effects"
time="2019-11-28T17:28:37+05:30" level=debug msg="response &{200 OK 200 HTTP/1.1 1 1 map[Accept-Ranges:[bytes] Content-Length:[2931] Content-Type:[application/javascript] Date:[Thu, 28 Nov 2019 11:58:37 GMT] Etag:[\"b73-5331b5e226800\"] Last-Modified:[Wed, 18 May 2016 10:32:00 GMT] Server:[Apache/2.4.37 (Win32) OpenSSL/1.1.1a PHP/7.3.1]] 0xc0001ea680 2931 [] false false map[] 0xc000432700 <nil>}"
time="2019-11-28T17:28:38+05:30" level=debug msg="handle http request for http://localhost/attendance/resources/select2/select2.min.js"
time="2019-11-28T17:28:38+05:30" level=debug msg="response &{200 OK 200 HTTP/1.1 1 1 map[Accept-Ranges:[bytes] Content-Length:[60215] Content-Type:[application/javascript] Date:[Thu, 28 Nov 2019 11:58:38 GMT] Etag:[\"eb37-5331b5e226800\"] Last-Modified:[Wed, 18 May 2016 10:32:00 GMT] Server:[Apache/2.4.37 (Win32) OpenSSL/1.1.1a PHP/7.3.1]] 0xc000272a00 60215 [] false false map[] 0xc000432500 <nil>}"
time="2019-11-28T17:28:38+05:30" level=debug msg="handle http request for http://localhost/attendance/resources/timepicker/bootstrap-timepicker.min.js"
time="2019-11-28T17:28:38+05:30" level=debug msg="response &{200 OK 200 HTTP/1.1 1 1 map[Accept-Ranges:[bytes] Content-Length:[17256] Content-Type:[application/javascript] Date:[Thu, 28 Nov 2019 11:58:38 GMT] Etag:[\"4368-5331b5e226800\"] Last-Modified:[Wed, 18 May 2016 10:32:00 GMT] Server:[Apache/2.4.37 (Win32) OpenSSL/1.1.1a PHP/7.3.1]] 0xc00003c980 17256 [] false false map[] 0xc000098800 <nil>}"
time="2019-11-28T17:28:38+05:30" level=debug msg="handle http request for http://localhost/attendance/resources/jscookie/js.cookie.js"
time="2019-11-28T17:28:38+05:30" level=debug msg="response &{200 OK 200 HTTP/1.1 1 1 map[Accept-Ranges:[bytes] Content-Length:[3677] Content-Type:[application/javascript] Date:[Thu, 28 Nov 2019 11:58:38 GMT] Etag:[\"e5d-5401339554880\"] Last-Modified:[Sun, 30 Oct 2016 11:16:34 GMT] Server:[Apache/2.4.37 (Win32) OpenSSL/1.1.1a PHP/7.3.1]] 0xc0001ea7c0 3677 [] false false map[] 0xc000200600 <nil>}"
time="2019-11-28T17:28:38+05:30" level=debug msg="handle http request for http://localhost/attendance/resources/datepicker/js/datepicker.packed.js"
time="2019-11-28T17:28:38+05:30" level=debug msg="response &{200 OK 200 HTTP/1.1 1 1 map[Accept-Ranges:[bytes] Content-Length:[39229] Content-Type:[application/javascript] Date:[Thu, 28 Nov 2019 11:58:38 GMT] Etag:[\"993d-55c3185d47700\"] Last-Modified:[Mon, 23 Oct 2017 07:10:52 GMT] Server:[Apache/2.4.37 (Win32) OpenSSL/1.1.1a PHP/7.3.1]] 0xc00003cb40 39229 [] false false map[] 0xc000098700 <nil>}"
time="2019-11-28T17:28:38+05:30" level=debug msg="handle http request for http://localhost/attendance/common.js.php"
time="2019-11-28T17:28:38+05:30" level=debug msg="response &{200 OK 200 HTTP/1.1 1 1 map[Cache-Control:[public, max-age=240] Content-Type:[text/javascript; charset=UTF-8] Date:[Thu, 28 Nov 2019 11:58:38 GMT] Last-Modified:[Thu, 14 Mar 2019 08:20:21 GMT] Server:[Apache/2.4.37 (Win32) OpenSSL/1.1.1a PHP/7.3.1] X-Powered-By:[PHP/7.3.1]] 0xc000272cc0 -1 [chunked] false false map[] 0xc000432900 <nil>}"
time="2019-11-28T17:28:38+05:30" level=debug msg="handle http request for http://localhost/attendance/resources/lightbox/js/lightbox.min.js"
time="2019-11-28T17:28:38+05:30" level=debug msg="response &{200 OK 200 HTTP/1.1 1 1 map[Accept-Ranges:[bytes] Content-Length:[8315] Content-Type:[application/javascript] Date:[Thu, 28 Nov 2019 11:58:38 GMT] Etag:[\"207b-5331bdb6c6180\"] Last-Modified:[Wed, 18 May 2016 11:07:02 GMT] Server:[Apache/2.4.37 (Win32) OpenSSL/1.1.1a PHP/7.3.1]] 0xc000095340 8315 [] false false map[] 0xc000098900 <nil>}"
time="2019-11-28T17:28:38+05:30" level=debug msg="handle http request for http://fonts.googleapis.com/css?family=Open+Sans:400italic,700italic,400,700"
time="2019-11-28T17:28:38+05:30" level=debug msg="response &{200 OK 200 HTTP/1.1 1 1 map[Access-Control-Allow-Origin:[*] Cache-Control:[private, max-age=86400, stale-while-revalidate=604800] Content-Encoding:[gzip] Content-Type:[text/css; charset=utf-8] Date:[Thu, 28 Nov 2019 11:58:36 GMT] Expires:[Thu, 28 Nov 2019 11:58:36 GMT] Last-Modified:[Thu, 28 Nov 2019 11:58:36 GMT] Link:[<http://fonts.gstatic.com>; rel=preconnect; crossorigin] Server:[ESF] Timing-Allow-Origin:[*] X-Frame-Options:[SAMEORIGIN] X-Xss-Protection:[0]] 0xc0000954c0 -1 [chunked] false false map[] 0xc000098200 <nil>}"
time="2019-11-28T17:28:38+05:30" level=debug msg="handle http request for http://localhost/attendance/resources/lightbox/js/effects.js"
time="2019-11-28T17:28:38+05:30" level=debug msg="response &{200 OK 200 HTTP/1.1 1 1 map[Accept-Ranges:[bytes] Content-Length:[38471] Content-Type:[application/javascript] Date:[Thu, 28 Nov 2019 11:58:38 GMT] Etag:[\"9647-5331b5e226800\"] Last-Modified:[Wed, 18 May 2016 10:32:00 GMT] Server:[Apache/2.4.37 (Win32) OpenSSL/1.1.1a PHP/7.3.1]] 0xc00003ce80 38471 [] false false map[] 0xc000200200 <nil>}"
time="2019-11-28T17:28:38+05:30" level=debug msg="handle http request for http://localhost/attendance/resources/datepicker/js/lang/en.js"
time="2019-11-28T17:28:38+05:30" level=debug msg="response &{200 OK 200 HTTP/1.1 1 1 map[Accept-Ranges:[bytes] Content-Length:[1095] Content-Type:[application/javascript] Date:[Thu, 28 Nov 2019 11:58:38 GMT] Etag:[\"447-5331b5e226800\"] Last-Modified:[Wed, 18 May 2016 10:32:00 GMT] Server:[Apache/2.4.37 (Win32) OpenSSL/1.1.1a PHP/7.3.1]] 0xc0000955c0 1095 [] false false map[] 0xc000398500 <nil>}"
time="2019-11-28T17:28:38+05:30" level=debug msg="handle http request for http://localhost/attendance/resources/lightbox/images/next.png"
time="2019-11-28T17:28:38+05:30" level=debug msg="handle http request for http://localhost/attendance/resources/lightbox/images/prev.png"
time="2019-11-28T17:28:38+05:30" level=debug msg="handle http request for http://localhost/attendance/resources/lightbox/images/close.png"
time="2019-11-28T17:28:38+05:30" level=debug msg="handle http request for http://localhost/attendance/resources/lightbox/images/loading.gif"
time="2019-11-28T17:28:38+05:30" level=debug msg="response &{200 OK 200 HTTP/1.1 1 1 map[Accept-Ranges:[bytes] Content-Length:[1360] Content-Type:[image/png] Date:[Thu, 28 Nov 2019 11:58:38 GMT] Etag:[\"550-5331bdb6c6180\"] Last-Modified:[Wed, 18 May 2016 11:07:02 GMT] Server:[Apache/2.4.37 (Win32) OpenSSL/1.1.1a PHP/7.3.1]] 0xc00003d180 1360 [] false false map[] 0xc000200700 <nil>}"
time="2019-11-28T17:28:38+05:30" level=debug msg="response &{200 OK 200 HTTP/1.1 1 1 map[Accept-Ranges:[bytes] Content-Length:[1350] Content-Type:[image/png] Date:[Thu, 28 Nov 2019 11:58:38 GMT] Etag:[\"546-5331bdb6c6180\"] Last-Modified:[Wed, 18 May 2016 11:07:02 GMT] Server:[Apache/2.4.37 (Win32) OpenSSL/1.1.1a PHP/7.3.1]] 0xc000272e80 1350 [] false false map[] 0xc000432a00 <nil>}"
time="2019-11-28T17:28:38+05:30" level=debug msg="response &{200 OK 200 HTTP/1.1 1 1 map[Accept-Ranges:[bytes] Content-Length:[280] Content-Type:[image/png] Date:[Thu, 28 Nov 2019 11:58:38 GMT] Etag:[\"118-5331bdb6c6180\"] Last-Modified:[Wed, 18 May 2016 11:07:02 GMT] Server:[Apache/2.4.37 (Win32) OpenSSL/1.1.1a PHP/7.3.1]] 0xc000272f00 280 [] false false map[] 0xc000398300 <nil>}"
time="2019-11-28T17:28:38+05:30" level=debug msg="response &{200 OK 200 HTTP/1.1 1 1 map[Accept-Ranges:[bytes] Content-Length:[8476] Content-Type:[image/gif] Date:[Thu, 28 Nov 2019 11:58:38 GMT] Etag:[\"211c-5331bdb6c6180\"] Last-Modified:[Wed, 18 May 2016 11:07:02 GMT] Server:[Apache/2.4.37 (Win32) OpenSSL/1.1.1a PHP/7.3.1]] 0xc000273000 8476 [] false false map[] 0xc000098b00 <nil>}"
time="2019-11-28T17:28:38+05:30" level=debug msg="handle http request for http://localhost/attendance/resources/initializr/fonts/glyphicons-halflings-regular.woff2"
time="2019-11-28T17:28:38+05:30" level=debug msg="response &{200 OK 200 HTTP/1.1 1 1 map[Accept-Ranges:[bytes] Content-Length:[18028] Content-Type:[font/woff2] Date:[Thu, 28 Nov 2019 11:58:38 GMT] Etag:[\"466c-5331b5e226800\"] Last-Modified:[Wed, 18 May 2016 10:32:00 GMT] Server:[Apache/2.4.37 (Win32) OpenSSL/1.1.1a PHP/7.3.1]] 0xc000095940 18028 [] false false map[] 0xc000098a00 <nil>}"
time="2019-11-28T17:28:38+05:30" level=debug msg="handle http request for http://fonts.gstatic.com/s/opensans/v17/mem8YaGs126MiZpBA-UFVZ0b.woff2"
time="2019-11-28T17:28:38+05:30" level=debug msg="response &{200 OK 200 HTTP/1.1 1 1 map[Accept-Ranges:[bytes] Access-Control-Allow-Origin:[*] Age:[789247] Cache-Control:[public, max-age=31536000] Content-Length:[14380] Content-Type:[font/woff2] Date:[Tue, 19 Nov 2019 08:44:29 GMT] Expires:[Wed, 18 Nov 2020 08:44:29 GMT] Last-Modified:[Tue, 23 Jul 2019 19:30:45 GMT] Server:[sffe] Timing-Allow-Origin:[*] X-Content-Type-Options:[nosniff] X-Xss-Protection:[0]] 0xc00003c500 14380 [] false false map[] 0xc000098d00 <nil>}"
time="2019-11-28T17:28:38+05:30" level=debug msg="handle http request for http://fonts.gstatic.com/s/opensans/v17/mem5YaGs126MiZpBA-UN7rgOUuhp.woff2"
time="2019-11-28T17:28:38+05:30" level=debug msg="response &{200 OK 200 HTTP/1.1 1 1 map[Accept-Ranges:[bytes] Access-Control-Allow-Origin:[*] Age:[753204] Cache-Control:[public, max-age=31536000] Content-Length:[15056] Content-Type:[font/woff2] Date:[Tue, 19 Nov 2019 18:45:12 GMT] Expires:[Wed, 18 Nov 2020 18:45:12 GMT] Last-Modified:[Tue, 23 Jul 2019 19:30:57 GMT] Server:[sffe] Timing-Allow-Origin:[*] X-Content-Type-Options:[nosniff] X-Xss-Protection:[0]] 0xc00003c600 15056 [] false false map[] 0xc000200000 <nil>}"
time="2019-11-28T17:28:39+05:30" level=debug msg="handle http request for http://localhost/attendance/resources/images/appgini-icon.png"
time="2019-11-28T17:28:39+05:30" level=debug msg="response &{200 OK 200 HTTP/1.1 1 1 map[Accept-Ranges:[bytes] Content-Length:[1138] Content-Type:[image/png] Date:[Thu, 28 Nov 2019 11:58:39 GMT] Etag:[\"472-5331b5e226800\"] Last-Modified:[Wed, 18 May 2016 10:32:00 GMT] Server:[Apache/2.4.37 (Win32) OpenSSL/1.1.1a PHP/7.3.1]] 0xc00003c700 1138 [] false false map[] 0xc000200e00 <nil>}"
time="2019-11-28T17:28:40+05:30" level=debug msg="handle http request for http://localhost/attendance/index.php?signOut=1"
time="2019-11-28T17:28:40+05:30" level=debug msg="response &{302 Found 302 HTTP/1.1 1 1 map[Cache-Control:[no-store, no-cache, must-revalidate] Content-Length:[209] Content-Type:[text/html; charset=UTF-8] Date:[Thu, 28 Nov 2019 11:58:40 GMT] Expires:[Thu, 19 Nov 1981 08:52:00 GMT] Location:[http://localhost/attendance/index.php?signIn=1] Pragma:[no-cache] Server:[Apache/2.4.37 (Win32) OpenSSL/1.1.1a PHP/7.3.1] Set-Cookie:[Attendance_Management_System=deleted; expires=Thu, 01-Jan-1970 00:00:01 GMT; Max-Age=0; path=/] X-Powered-By:[PHP/7.3.1]] 0xc00003c800 209 [] false false map[] 0xc000432500 <nil>}"
time="2019-11-28T17:28:40+05:30" level=debug msg="handle http request for http://localhost/attendance/index.php?signIn=1"
time="2019-11-28T17:28:40+05:30" level=debug msg="response &{200 OK 200 HTTP/1.1 1 1 map[Cache-Control:[no-store, no-cache, must-revalidate] Content-Length:[7586] Content-Type:[text/html; charset=UTF-8] Date:[Thu, 28 Nov 2019 11:58:40 GMT] Expires:[Thu, 19 Nov 1981 08:52:00 GMT] Pragma:[no-cache] Server:[Apache/2.4.37 (Win32) OpenSSL/1.1.1a PHP/7.3.1] Set-Cookie:[Attendance_Management_System=4qtk8hiai5pmheritfo50kpo12; path=/; HttpOnly] X-Powered-By:[PHP/7.3.1]] 0xc000272880 7586 [] false false map[] 0xc000432600 <nil>}"
time="2019-11-28T17:28:41+05:30" level=debug msg="handle http request for http://localhost/attendance/dynamic.css.php"
time="2019-11-28T17:28:41+05:30" level=debug msg="response &{200 OK 200 HTTP/1.1 1 1 map[Content-Length:[5595] Content-Type:[text/css;charset=UTF-8] Date:[Thu, 28 Nov 2019 11:58:41 GMT] Server:[Apache/2.4.37 (Win32) OpenSSL/1.1.1a PHP/7.3.1] X-Powered-By:[PHP/7.3.1]] 0xc000272980 5595 [] false false map[] 0xc000432700 <nil>}"
time="2019-11-28T17:33:56+05:30" level=info msg="Removing Tunnel :86102"
time="2019-11-28T17:33:56+05:30" level=info msg="Closing your session."
time="2019-11-28T17:33:56+05:30" level=info msg=GoodBye.
time="2019-11-28T17:33:56+05:30" level=error msg=EOF
time="2019-11-28T17:34:12+05:30" level=info msg="Starting Up..."
time="2019-11-28T17:34:12+05:30" level=info msg="command args: -user ramitd@lambdatest.com -key Ar7sr82ACbQXRi23ujktWaSuBRq9jOjInvBaelieyC00XavZUP -port 62347 -infoAPIPort 62348"
time="2019-11-28T17:34:12+05:30" level=info msg="LambdaTunnel version : 2.0.15"
time="2019-11-28T17:34:12+05:30" level=info msg="Log file: C:\\Users\\Lenovo-I7\\eclipse-workspace\\Java-Lambda-Tunnel-Setup/tunnel.log"
time="2019-11-28T17:34:12+05:30" level=debug msg="launch-tunnel-initiated "
time="2019-11-28T17:34:12+05:30" level=info msg="connecting to ws://ltuns.lambdatest.com:8888"
time="2019-11-28T17:34:12+05:30" level=debug msg="Starting API server for tunnel info on port: 62348"
time="2019-11-28T17:34:12+05:30" level=debug msg="Starting local proxy service on  62347"
time="2019-11-28T17:34:12+05:30" level=info msg="starting http server"
time="2019-11-28T17:34:12+05:30" level=debug msg="local proxy started on  port 62347"
time="2019-11-28T17:34:15+05:30" level=debug msg="beginning remote forward of local port 62347 to remote port 39707"
time="2019-11-28T17:34:15+05:30" level=info msg="Tunnel ID :86104"
time="2019-11-28T17:34:15+05:30" level=debug msg="local port 62347 <-> remote port 39707 successful"
time="2019-11-28T17:34:16+05:30" level=info msg="Tunnel claim successful"
time="2019-11-28T17:34:17+05:30" level=debug msg="Upload hosts file to s3, response:map[message:upload hosts file to s3 success]"
time="2019-11-28T17:34:17+05:30" level=debug msg=add-hosts-file-to-S3-success
time="2019-11-28T17:34:17+05:30" level=info msg="Secure connection established, you may start your tests now"
time="2019-11-28T17:34:17+05:30" level=debug msg="Using websocket for connection monitoring"
time="2019-11-28T17:35:11+05:30" level=info msg="Removing Tunnel :86104"
time="2019-11-28T17:35:11+05:30" level=info msg="Closing your session."
time="2019-11-28T17:35:11+05:30" level=info msg=GoodBye.
time="2019-11-28T17:35:11+05:30" level=error msg=EOF
time="2019-11-28T18:05:12+05:30" level=info msg="Starting Up..."
time="2019-11-28T18:05:12+05:30" level=info msg="command args: -user ramitd@lambdatest.com -key Ar7sr82ACbQXRi23ujktWaSuBRq9jOjInvBaelieyC00XavZUP -port 64153 -infoAPIPort 64154"
time="2019-11-28T18:05:12+05:30" level=info msg="LambdaTunnel version : 2.0.15"
time="2019-11-28T18:05:12+05:30" level=info msg="Log file: C:\\Users\\Lenovo-I7\\eclipse-workspace\\Java-Lambda-Tunnel-Setup/tunnel.log"
time="2019-11-28T18:05:12+05:30" level=debug msg="launch-tunnel-initiated "
time="2019-11-28T18:05:12+05:30" level=info msg="connecting to ws://ltuns.lambdatest.com:8888"
time="2019-11-28T18:05:12+05:30" level=debug msg="Starting API server for tunnel info on port: 64154"
time="2019-11-28T18:05:12+05:30" level=debug msg="Starting local proxy service on  64153"
time="2019-11-28T18:05:12+05:30" level=info msg="starting http server"
time="2019-11-28T18:05:12+05:30" level=debug msg="local proxy started on  port 64153"
time="2019-11-28T18:05:15+05:30" level=debug msg="beginning remote forward of local port 64153 to remote port 35477"
time="2019-11-28T18:05:15+05:30" level=info msg="Tunnel ID :86113"
time="2019-11-28T18:05:15+05:30" level=debug msg="local port 64153 <-> remote port 35477 successful"
time="2019-11-28T18:05:16+05:30" level=info msg="Tunnel claim successful"
time="2019-11-28T18:05:17+05:30" level=debug msg="Upload hosts file to s3, response:map[message:upload hosts file to s3 success]"
time="2019-11-28T18:05:17+05:30" level=debug msg=add-hosts-file-to-S3-success
time="2019-11-28T18:05:17+05:30" level=info msg="Secure connection established, you may start your tests now"
time="2019-11-28T18:05:17+05:30" level=debug msg="Using websocket for connection monitoring"
time="2019-11-28T18:05:23+05:30" level=debug msg="handling connect request for URL //www.gstatic.com:443"
time="2019-11-28T18:05:23+05:30" level=debug msg="handling connect request for URL //accounts.google.com:443"
time="2019-11-28T18:05:26+05:30" level=debug msg="handle http request for http://localhost/attendance/attendance_view.php"
time="2019-11-28T18:05:26+05:30" level=debug msg="response &{200 OK 200 HTTP/1.1 1 1 map[Cache-Control:[no-store, no-cache, must-revalidate] Content-Length:[6716] Content-Type:[text/html; charset=UTF-8] Date:[Thu, 28 Nov 2019 12:35:26 GMT] Expires:[Thu, 19 Nov 1981 08:52:00 GMT] Pragma:[no-cache] Server:[Apache/2.4.37 (Win32) OpenSSL/1.1.1a PHP/7.3.1] Set-Cookie:[Attendance_Management_System=a46bdeeihjlq5b63k4ku6onam6; path=/; HttpOnly] X-Powered-By:[PHP/7.3.1]] 0xc000366800 6716 [] false false map[] 0xc000084c00 <nil>}"
time="2019-11-28T18:05:26+05:30" level=debug msg="handle http request for http://localhost/attendance/resources/initializr/css/spacelab.css"
time="2019-11-28T18:05:26+05:30" level=debug msg="response &{200 OK 200 HTTP/1.1 1 1 map[Accept-Ranges:[bytes] Content-Length:[151241] Content-Type:[text/css] Date:[Thu, 28 Nov 2019 12:35:26 GMT] Etag:[\"24ec9-5331b5e03e380\"] Last-Modified:[Wed, 18 May 2016 10:31:58 GMT] Server:[Apache/2.4.37 (Win32) OpenSSL/1.1.1a PHP/7.3.1]] 0xc0001c0740 151241 [] false false map[] 0xc000418100 <nil>}"
time="2019-11-28T18:05:26+05:30" level=debug msg="handle http request for http://localhost/attendance/resources/lightbox/css/lightbox.css"
time="2019-11-28T18:05:26+05:30" level=debug msg="response &{200 OK 200 HTTP/1.1 1 1 map[Accept-Ranges:[bytes] Content-Length:[3898] Content-Type:[text/css] Date:[Thu, 28 Nov 2019 12:35:26 GMT] Etag:[\"f3a-5331bdb6c6180\"] Last-Modified:[Wed, 18 May 2016 11:07:02 GMT] Server:[Apache/2.4.37 (Win32) OpenSSL/1.1.1a PHP/7.3.1]] 0xc00003c080 3898 [] false false map[] 0xc00020c500 <nil>}"
time="2019-11-28T18:05:26+05:30" level=debug msg="handle http request for http://localhost/attendance/resources/select2/select2.css"
time="2019-11-28T18:05:26+05:30" level=debug msg="response &{200 OK 200 HTTP/1.1 1 1 map[Accept-Ranges:[bytes] Content-Length:[17697] Content-Type:[text/css] Date:[Thu, 28 Nov 2019 12:35:26 GMT] Etag:[\"4521-5331b5e226800\"] Last-Modified:[Wed, 18 May 2016 10:32:00 GMT] Server:[Apache/2.4.37 (Win32) OpenSSL/1.1.1a PHP/7.3.1]] 0xc0001c0040 17697 [] false false map[] 0xc000084e00 <nil>}"
time="2019-11-28T18:05:26+05:30" level=debug msg="handle http request for http://localhost/attendance/resources/datepicker/css/datepicker.css"
time="2019-11-28T18:05:26+05:30" level=debug msg="handle http request for http://localhost/attendance/dynamic.css.php"
time="2019-11-28T18:05:26+05:30" level=debug msg="handle http request for http://localhost/attendance/resources/timepicker/bootstrap-timepicker.min.css"
time="2019-11-28T18:05:26+05:30" level=debug msg="response &{200 OK 200 HTTP/1.1 1 1 map[Accept-Ranges:[bytes] Content-Length:[7579] Content-Type:[text/css] Date:[Thu, 28 Nov 2019 12:35:26 GMT] Etag:[\"1d9b-5331b5e226800\"] Last-Modified:[Wed, 18 May 2016 10:32:00 GMT] Server:[Apache/2.4.37 (Win32) OpenSSL/1.1.1a PHP/7.3.1]] 0xc0001c0140 7579 [] false false map[] 0xc000418400 <nil>}"
time="2019-11-28T18:05:26+05:30" level=debug msg="response &{200 OK 200 HTTP/1.1 1 1 map[Accept-Ranges:[bytes] Content-Length:[3050] Content-Type:[text/css] Date:[Thu, 28 Nov 2019 12:35:26 GMT] Etag:[\"bea-5331b5e226800\"] Last-Modified:[Wed, 18 May 2016 10:32:00 GMT] Server:[Apache/2.4.37 (Win32) OpenSSL/1.1.1a PHP/7.3.1]] 0xc0001c0240 3050 [] false false map[] 0xc000084100 <nil>}"
time="2019-11-28T18:05:26+05:30" level=debug msg="response &{200 OK 200 HTTP/1.1 1 1 map[Content-Length:[5595] Content-Type:[text/css;charset=UTF-8] Date:[Thu, 28 Nov 2019 12:35:26 GMT] Server:[Apache/2.4.37 (Win32) OpenSSL/1.1.1a PHP/7.3.1] X-Powered-By:[PHP/7.3.1]] 0xc0001c0380 5595 [] false false map[] 0xc000418500 <nil>}"
time="2019-11-28T18:05:26+05:30" level=debug msg="handle http request for http://localhost/attendance/resources/jquery/js/jquery-1.12.4.min.js"
time="2019-11-28T18:05:26+05:30" level=debug msg="response &{200 OK 200 HTTP/1.1 1 1 map[Accept-Ranges:[bytes] Content-Length:[97163] Content-Type:[application/javascript] Date:[Thu, 28 Nov 2019 12:35:26 GMT] Etag:[\"17b8b-55aef821a5280\"] Last-Modified:[Sat, 07 Oct 2017 07:00:10 GMT] Server:[Apache/2.4.37 (Win32) OpenSSL/1.1.1a PHP/7.3.1]] 0xc0001d4680 97163 [] false false map[] 0xc000418200 <nil>}"
time="2019-11-28T18:05:26+05:30" level=debug msg="handle http request for http://localhost/attendance/resources/jquery/js/jquery.mark.min.js"
time="2019-11-28T18:05:26+05:30" level=debug msg="response &{200 OK 200 HTTP/1.1 1 1 map[Accept-Ranges:[bytes] Content-Length:[6632] Content-Type:[application/javascript] Date:[Thu, 28 Nov 2019 12:35:26 GMT] Etag:[\"19e8-5331bdb6c6180\"] Last-Modified:[Wed, 18 May 2016 11:07:02 GMT] Server:[Apache/2.4.37 (Win32) OpenSSL/1.1.1a PHP/7.3.1]] 0xc0001d4980 6632 [] false false map[] 0xc0000e8100 <nil>}"
time="2019-11-28T18:05:26+05:30" level=debug msg="handle http request for http://localhost/attendance/resources/lightbox/js/prototype.js"
time="2019-11-28T18:05:26+05:30" level=debug msg="handle http request for http://localhost/attendance/resources/initializr/js/vendor/bootstrap.min.js"
time="2019-11-28T18:05:26+05:30" level=debug msg="response &{200 OK 200 HTTP/1.1 1 1 map[Accept-Ranges:[bytes] Content-Length:[35951] Content-Type:[application/javascript] Date:[Thu, 28 Nov 2019 12:35:26 GMT] Etag:[\"8c6f-5331b5e226800\"] Last-Modified:[Wed, 18 May 2016 10:32:00 GMT] Server:[Apache/2.4.37 (Win32) OpenSSL/1.1.1a PHP/7.3.1]] 0xc00003c780 35951 [] false false map[] 0xc0000e8200 <nil>}"
time="2019-11-28T18:05:26+05:30" level=debug msg="response &{200 OK 200 HTTP/1.1 1 1 map[Accept-Ranges:[bytes] Content-Length:[180829] Content-Type:[application/javascript] Date:[Thu, 28 Nov 2019 12:35:26 GMT] Etag:[\"2c25d-5331b5e226800\"] Last-Modified:[Wed, 18 May 2016 10:32:00 GMT] Server:[Apache/2.4.37 (Win32) OpenSSL/1.1.1a PHP/7.3.1]] 0xc0001d4a80 180829 [] false false map[] 0xc000418700 <nil>}"
time="2019-11-28T18:05:26+05:30" level=debug msg="handle http request for http://localhost/attendance/resources/lightbox/js/scriptaculous.js?load=effects"
time="2019-11-28T18:05:26+05:30" level=debug msg="response &{200 OK 200 HTTP/1.1 1 1 map[Accept-Ranges:[bytes] Content-Length:[2931] Content-Type:[application/javascript] Date:[Thu, 28 Nov 2019 12:35:26 GMT] Etag:[\"b73-5331b5e226800\"] Last-Modified:[Wed, 18 May 2016 10:32:00 GMT] Server:[Apache/2.4.37 (Win32) OpenSSL/1.1.1a PHP/7.3.1]] 0xc00003c940 2931 [] false false map[] 0xc0000e8000 <nil>}"
time="2019-11-28T18:05:26+05:30" level=debug msg="handle http request for http://localhost/attendance/resources/select2/select2.min.js"
time="2019-11-28T18:05:26+05:30" level=debug msg="response &{200 OK 200 HTTP/1.1 1 1 map[Accept-Ranges:[bytes] Content-Length:[60215] Content-Type:[application/javascript] Date:[Thu, 28 Nov 2019 12:35:26 GMT] Etag:[\"eb37-5331b5e226800\"] Last-Modified:[Wed, 18 May 2016 10:32:00 GMT] Server:[Apache/2.4.37 (Win32) OpenSSL/1.1.1a PHP/7.3.1]] 0xc0001c0640 60215 [] false false map[] 0xc000418800 <nil>}"
time="2019-11-28T18:05:26+05:30" level=debug msg="handle http request for http://localhost/attendance/resources/timepicker/bootstrap-timepicker.min.js"
time="2019-11-28T18:05:26+05:30" level=debug msg="response &{200 OK 200 HTTP/1.1 1 1 map[Accept-Ranges:[bytes] Content-Length:[17256] Content-Type:[application/javascript] Date:[Thu, 28 Nov 2019 12:35:26 GMT] Etag:[\"4368-5331b5e226800\"] Last-Modified:[Wed, 18 May 2016 10:32:00 GMT] Server:[Apache/2.4.37 (Win32) OpenSSL/1.1.1a PHP/7.3.1]] 0xc0001c07c0 17256 [] false false map[] 0xc00020c000 <nil>}"
time="2019-11-28T18:05:26+05:30" level=debug msg="handle http request for http://localhost/attendance/resources/jscookie/js.cookie.js"
time="2019-11-28T18:05:26+05:30" level=debug msg="response &{200 OK 200 HTTP/1.1 1 1 map[Accept-Ranges:[bytes] Content-Length:[3677] Content-Type:[application/javascript] Date:[Thu, 28 Nov 2019 12:35:26 GMT] Etag:[\"e5d-5401339554880\"] Last-Modified:[Sun, 30 Oct 2016 11:16:34 GMT] Server:[Apache/2.4.37 (Win32) OpenSSL/1.1.1a PHP/7.3.1]] 0xc00003d540 3677 [] false false map[] 0xc000084b00 <nil>}"
time="2019-11-28T18:05:26+05:30" level=debug msg="handle http request for http://localhost/attendance/resources/datepicker/js/datepicker.packed.js"
time="2019-11-28T18:05:26+05:30" level=debug msg="response &{200 OK 200 HTTP/1.1 1 1 map[Accept-Ranges:[bytes] Content-Length:[39229] Content-Type:[application/javascript] Date:[Thu, 28 Nov 2019 12:35:26 GMT] Etag:[\"993d-55c3185d47700\"] Last-Modified:[Mon, 23 Oct 2017 07:10:52 GMT] Server:[Apache/2.4.37 (Win32) OpenSSL/1.1.1a PHP/7.3.1]] 0xc0001c08c0 39229 [] false false map[] 0xc00020c100 <nil>}"
time="2019-11-28T18:05:26+05:30" level=debug msg="handle http request for http://localhost/attendance/common.js.php"
time="2019-11-28T18:05:26+05:30" level=debug msg="response &{200 OK 200 HTTP/1.1 1 1 map[Cache-Control:[public, max-age=240] Content-Type:[text/javascript; charset=UTF-8] Date:[Thu, 28 Nov 2019 12:35:26 GMT] Last-Modified:[Thu, 14 Mar 2019 08:20:21 GMT] Server:[Apache/2.4.37 (Win32) OpenSSL/1.1.1a PHP/7.3.1] X-Powered-By:[PHP/7.3.1]] 0xc0002d6840 -1 [chunked] false false map[] 0xc000084c00 <nil>}"
time="2019-11-28T18:05:27+05:30" level=debug msg="handle http request for http://localhost/attendance/resources/lightbox/js/lightbox.min.js"
time="2019-11-28T18:05:27+05:30" level=debug msg="handle http request for http://fonts.googleapis.com/css?family=Open+Sans:400italic,700italic,400,700"
time="2019-11-28T18:05:27+05:30" level=debug msg="response &{200 OK 200 HTTP/1.1 1 1 map[Accept-Ranges:[bytes] Content-Length:[8315] Content-Type:[application/javascript] Date:[Thu, 28 Nov 2019 12:35:27 GMT] Etag:[\"207b-5331bdb6c6180\"] Last-Modified:[Wed, 18 May 2016 11:07:02 GMT] Server:[Apache/2.4.37 (Win32) OpenSSL/1.1.1a PHP/7.3.1]] 0xc00003d900 8315 [] false false map[] 0xc0000e8400 <nil>}"
time="2019-11-28T18:05:27+05:30" level=debug msg="response &{200 OK 200 HTTP/1.1 1 1 map[Access-Control-Allow-Origin:[*] Cache-Control:[private, max-age=86400, stale-while-revalidate=604800] Content-Encoding:[gzip] Content-Type:[text/css; charset=utf-8] Date:[Thu, 28 Nov 2019 12:35:25 GMT] Expires:[Thu, 28 Nov 2019 12:35:25 GMT] Last-Modified:[Thu, 28 Nov 2019 12:35:25 GMT] Link:[<http://fonts.gstatic.com>; rel=preconnect; crossorigin] Server:[ESF] Timing-Allow-Origin:[*] X-Frame-Options:[SAMEORIGIN] X-Xss-Protection:[0]] 0xc0002d6ac0 -1 [chunked] false false map[] 0xc000418600 <nil>}"
time="2019-11-28T18:05:27+05:30" level=debug msg="handle http request for http://localhost/attendance/resources/lightbox/js/effects.js"
time="2019-11-28T18:05:27+05:30" level=debug msg="response &{200 OK 200 HTTP/1.1 1 1 map[Accept-Ranges:[bytes] Content-Length:[38471] Content-Type:[application/javascript] Date:[Thu, 28 Nov 2019 12:35:27 GMT] Etag:[\"9647-5331b5e226800\"] Last-Modified:[Wed, 18 May 2016 10:32:00 GMT] Server:[Apache/2.4.37 (Win32) OpenSSL/1.1.1a PHP/7.3.1]] 0xc00003da00 38471 [] false false map[] 0xc00020c200 <nil>}"
time="2019-11-28T18:05:27+05:30" level=debug msg="handle http request for http://localhost/attendance/resources/datepicker/js/lang/en.js"
time="2019-11-28T18:05:27+05:30" level=debug msg="response &{200 OK 200 HTTP/1.1 1 1 map[Accept-Ranges:[bytes] Content-Length:[1095] Content-Type:[application/javascript] Date:[Thu, 28 Nov 2019 12:35:27 GMT] Etag:[\"447-5331b5e226800\"] Last-Modified:[Wed, 18 May 2016 10:32:00 GMT] Server:[Apache/2.4.37 (Win32) OpenSSL/1.1.1a PHP/7.3.1]] 0xc0002d6d40 1095 [] false false map[] 0xc000085300 <nil>}"
time="2019-11-28T18:05:27+05:30" level=debug msg="handle http request for http://localhost/attendance/resources/lightbox/images/close.png"
time="2019-11-28T18:05:27+05:30" level=debug msg="handle http request for http://localhost/attendance/resources/lightbox/images/next.png"
time="2019-11-28T18:05:27+05:30" level=debug msg="handle http request for http://localhost/attendance/resources/lightbox/images/prev.png"
time="2019-11-28T18:05:27+05:30" level=debug msg="handle http request for http://localhost/attendance/resources/lightbox/images/loading.gif"
time="2019-11-28T18:05:27+05:30" level=debug msg="response &{200 OK 200 HTTP/1.1 1 1 map[Accept-Ranges:[bytes] Content-Length:[1350] Content-Type:[image/png] Date:[Thu, 28 Nov 2019 12:35:27 GMT] Etag:[\"546-5331bdb6c6180\"] Last-Modified:[Wed, 18 May 2016 11:07:02 GMT] Server:[Apache/2.4.37 (Win32) OpenSSL/1.1.1a PHP/7.3.1]] 0xc0002d7080 1350 [] false false map[] 0xc0000e8300 <nil>}"
time="2019-11-28T18:05:27+05:30" level=debug msg="response &{200 OK 200 HTTP/1.1 1 1 map[Accept-Ranges:[bytes] Content-Length:[280] Content-Type:[image/png] Date:[Thu, 28 Nov 2019 12:35:27 GMT] Etag:[\"118-5331bdb6c6180\"] Last-Modified:[Wed, 18 May 2016 11:07:02 GMT] Server:[Apache/2.4.37 (Win32) OpenSSL/1.1.1a PHP/7.3.1]] 0xc00003db00 280 [] false false map[] 0xc000085000 <nil>}"
time="2019-11-28T18:05:27+05:30" level=debug msg="response &{200 OK 200 HTTP/1.1 1 1 map[Accept-Ranges:[bytes] Content-Length:[1360] Content-Type:[image/png] Date:[Thu, 28 Nov 2019 12:35:27 GMT] Etag:[\"550-5331bdb6c6180\"] Last-Modified:[Wed, 18 May 2016 11:07:02 GMT] Server:[Apache/2.4.37 (Win32) OpenSSL/1.1.1a PHP/7.3.1]] 0xc00003dc80 1360 [] false false map[] 0xc0000e8500 <nil>}"
time="2019-11-28T18:05:27+05:30" level=debug msg="response &{200 OK 200 HTTP/1.1 1 1 map[Accept-Ranges:[bytes] Content-Length:[8476] Content-Type:[image/gif] Date:[Thu, 28 Nov 2019 12:35:27 GMT] Etag:[\"211c-5331bdb6c6180\"] Last-Modified:[Wed, 18 May 2016 11:07:02 GMT] Server:[Apache/2.4.37 (Win32) OpenSSL/1.1.1a PHP/7.3.1]] 0xc0002d7180 8476 [] false false map[] 0xc000085200 <nil>}"
time="2019-11-28T18:05:27+05:30" level=debug msg="handle http request for http://localhost/attendance/resources/initializr/fonts/glyphicons-halflings-regular.woff2"
time="2019-11-28T18:05:27+05:30" level=debug msg="response &{200 OK 200 HTTP/1.1 1 1 map[Accept-Ranges:[bytes] Content-Length:[18028] Content-Type:[font/woff2] Date:[Thu, 28 Nov 2019 12:35:27 GMT] Etag:[\"466c-5331b5e226800\"] Last-Modified:[Wed, 18 May 2016 10:32:00 GMT] Server:[Apache/2.4.37 (Win32) OpenSSL/1.1.1a PHP/7.3.1]] 0xc00003c080 18028 [] false false map[] 0xc000084f00 <nil>}"
time="2019-11-28T18:05:27+05:30" level=debug msg="handle http request for http://fonts.gstatic.com/s/opensans/v17/mem8YaGs126MiZpBA-UFVZ0b.woff2"
time="2019-11-28T18:05:27+05:30" level=debug msg="handle http request for http://fonts.gstatic.com/s/opensans/v17/mem5YaGs126MiZpBA-UN7rgOUuhp.woff2"
time="2019-11-28T18:05:27+05:30" level=debug msg="response &{200 OK 200 HTTP/1.1 1 1 map[Accept-Ranges:[bytes] Access-Control-Allow-Origin:[*] Age:[697609] Cache-Control:[public, max-age=31536000] Content-Length:[15056] Content-Type:[font/woff2] Date:[Wed, 20 Nov 2019 10:48:36 GMT] Expires:[Thu, 19 Nov 2020 10:48:36 GMT] Last-Modified:[Tue, 23 Jul 2019 19:30:57 GMT] Server:[sffe] Timing-Allow-Origin:[*] X-Content-Type-Options:[nosniff] X-Xss-Protection:[0]] 0xc0001d4840 15056 [] false false map[] 0xc00020c200 <nil>}"
time="2019-11-28T18:05:27+05:30" level=debug msg="response &{200 OK 200 HTTP/1.1 1 1 map[Accept-Ranges:[bytes] Access-Control-Allow-Origin:[*] Age:[572952] Cache-Control:[public, max-age=31536000] Content-Length:[14380] Content-Type:[font/woff2] Date:[Thu, 21 Nov 2019 21:26:13 GMT] Expires:[Fri, 20 Nov 2020 21:26:13 GMT] Last-Modified:[Tue, 23 Jul 2019 19:30:45 GMT] Server:[sffe] Timing-Allow-Origin:[*] X-Content-Type-Options:[nosniff] X-Xss-Protection:[0]] 0xc00003c780 14380 [] false false map[] 0xc000085400 <nil>}"
time="2019-11-28T18:05:28+05:30" level=debug msg="handle http request for http://localhost/attendance/resources/images/appgini-icon.png"
time="2019-11-28T18:05:28+05:30" level=debug msg="response &{200 OK 200 HTTP/1.1 1 1 map[Accept-Ranges:[bytes] Content-Length:[1138] Content-Type:[image/png] Date:[Thu, 28 Nov 2019 12:35:28 GMT] Etag:[\"472-5331b5e226800\"] Last-Modified:[Wed, 18 May 2016 10:32:00 GMT] Server:[Apache/2.4.37 (Win32) OpenSSL/1.1.1a PHP/7.3.1]] 0xc00003c940 1138 [] false false map[] 0xc000084100 <nil>}"
time="2019-11-28T18:05:29+05:30" level=debug msg="handle http request for http://localhost/attendance/index.php?signOut=1"
time="2019-11-28T18:05:29+05:30" level=debug msg="response &{302 Found 302 HTTP/1.1 1 1 map[Cache-Control:[no-store, no-cache, must-revalidate] Content-Length:[209] Content-Type:[text/html; charset=UTF-8] Date:[Thu, 28 Nov 2019 12:35:29 GMT] Expires:[Thu, 19 Nov 1981 08:52:00 GMT] Location:[http://localhost/attendance/index.php?signIn=1] Pragma:[no-cache] Server:[Apache/2.4.37 (Win32) OpenSSL/1.1.1a PHP/7.3.1] Set-Cookie:[Attendance_Management_System=deleted; expires=Thu, 01-Jan-1970 00:00:01 GMT; Max-Age=0; path=/] X-Powered-By:[PHP/7.3.1]] 0xc00003cb40 209 [] false false map[] 0xc0000e8100 <nil>}"
time="2019-11-28T18:05:29+05:30" level=debug msg="handle http request for http://localhost/attendance/index.php?signIn=1"
time="2019-11-28T18:05:29+05:30" level=debug msg="response &{200 OK 200 HTTP/1.1 1 1 map[Cache-Control:[no-store, no-cache, must-revalidate] Content-Length:[7586] Content-Type:[text/html; charset=UTF-8] Date:[Thu, 28 Nov 2019 12:35:29 GMT] Expires:[Thu, 19 Nov 1981 08:52:00 GMT] Pragma:[no-cache] Server:[Apache/2.4.37 (Win32) OpenSSL/1.1.1a PHP/7.3.1] Set-Cookie:[Attendance_Management_System=th3bfk88htvvjmpmudu0thvu8g; path=/; HttpOnly] X-Powered-By:[PHP/7.3.1]] 0xc0001d4a00 7586 [] false false map[] 0xc0000e8200 <nil>}"
time="2019-11-28T18:05:29+05:30" level=debug msg="handle http request for http://localhost/attendance/dynamic.css.php"
time="2019-11-28T18:05:29+05:30" level=debug msg="response &{200 OK 200 HTTP/1.1 1 1 map[Content-Length:[5595] Content-Type:[text/css;charset=UTF-8] Date:[Thu, 28 Nov 2019 12:35:29 GMT] Server:[Apache/2.4.37 (Win32) OpenSSL/1.1.1a PHP/7.3.1] X-Powered-By:[PHP/7.3.1]] 0xc0001c0340 5595 [] false false map[] 0xc00020c500 <nil>}"
